<?xml version="1.0" encoding="UTF-8"?>
<testsuite name="riddles.Riddle1Test" tests="1" skipped="0" failures="0" errors="0" timestamp="2022-03-13T16:34:20" hostname="mityushovn-B550M-AORUS-PRO" time="0.035">
  <properties/>
  <testcase name="solve" classname="riddles.Riddle1Test" time="0.035"/>
  <system-out><![CDATA[]]></system-out>
  <system-err><![CDATA[]]></system-err>
</testsuite>
