<?xml version="1.0" encoding="UTF-8"?>
<testsuite name="riddles.Riddle5Test" tests="1" skipped="0" failures="0" errors="0" timestamp="2022-03-06T11:57:18" hostname="mityushovn-B550M-AORUS-PRO" time="0.062">
  <properties/>
  <testcase name="solve" classname="riddles.Riddle5Test" time="0.062"/>
  <system-out><![CDATA[]]></system-out>
  <system-err><![CDATA[]]></system-err>
</testsuite>
